<?xml version="1.0" encoding="UTF-8"?>
<!-- Generated by org.testng.reporters.JUnitReportReporter -->
<testsuite hostname="DESKTOP-S83F0M3" failures="0" tests="1" name="ListOfArticles.GET_RequestResponseTime" time="1.688" errors="0" timestamp="2021-05-04T07:26:14 BST" skipped="0">
  <testcase classname="ListOfArticles.GET_RequestResponseTime" name="getResponseTime" time="1.688"/>
  <system-out/>
</testsuite> <!-- ListOfArticles.GET_RequestResponseTime -->
