<?xml version="1.0" encoding="UTF-8"?>
<!-- Generated by org.testng.reporters.JUnitReportReporter -->
<testsuite hostname="DESKTOP-S83F0M3" failures="0" tests="1" name="ListOfArticles.POST_Request" time="1.703" errors="0" timestamp="2021-05-04T07:14:43 BST" skipped="0">
  <testcase classname="ListOfArticles.POST_Request" name="postArticles" time="1.703"/>
  <system-out/>
</testsuite> <!-- ListOfArticles.POST_Request -->
