<?xml version="1.0" encoding="UTF-8"?>
<!-- Generated by org.testng.reporters.JUnitReportReporter -->
<testsuite hostname="DESKTOP-S83F0M3" failures="0" tests="1" name="SingleArticle.PUT_Request" time="1.907" errors="0" timestamp="2021-05-04T07:14:55 BST" skipped="0">
  <testcase classname="SingleArticle.PUT_Request" name="putArticle" time="1.907"/>
  <system-out/>
</testsuite> <!-- SingleArticle.PUT_Request -->
