<?xml version="1.0" encoding="UTF-8"?>
<!-- Generated by org.testng.reporters.JUnitReportReporter -->
<testsuite hostname="DESKTOP-S83F0M3" failures="0" tests="1" name="SingleArticle.DELETE_Request" time="2.079" errors="0" timestamp="2021-05-04T07:14:30 BST" skipped="0">
  <testcase classname="SingleArticle.DELETE_Request" name="deleteArticle" time="2.079"/>
  <system-out/>
</testsuite> <!-- SingleArticle.DELETE_Request -->
