<?xml version="1.0" encoding="UTF-8"?>
<!-- Generated by org.testng.reporters.JUnitReportReporter -->
<testsuite hostname="DESKTOP-S83F0M3" failures="0" tests="1" name="Test01" time="1.801" errors="0" timestamp="2021-05-04T06:02:14 BST" skipped="0">
  <testcase classname="Test01" name="test_01" time="1.801"/>
  <system-out/>
</testsuite> <!-- Test01 -->
