<?xml version="1.0" encoding="UTF-8"?>
<!-- Generated by org.testng.reporters.JUnitReportReporter -->
<testsuite hostname="DESKTOP-S83F0M3" failures="0" tests="1" name="ListOfArticles.GET_Request" time="2.078" errors="0" timestamp="2021-05-04T06:06:42 BST" skipped="0">
  <testcase classname="ListOfArticles.GET_Request" name="getArticles" time="2.078"/>
  <system-out/>
</testsuite> <!-- ListOfArticles.GET_Request -->
